INFO  01:20:07,438 - Compiling source file: C:\Users\Test\Desktop\PP1\workspace\MJCompiler\test\program.mj
INFO  01:20:07,625 - #2 program
INFO  01:20:07,625 - #49 Test
INFO  01:20:07,625 - #45 {
INFO  01:20:07,630 - #14 void
INFO  01:20:07,635 - #49 main
INFO  01:20:07,640 - #41 (
INFO  01:20:07,641 - #42 )
INFO  01:20:07,641 - #49 int
INFO  01:20:07,645 - #49 i
INFO  01:20:07,648 - #39 ,
INFO  01:20:07,649 - #49 y
INFO  01:20:07,649 - #37 ;
INFO  01:20:07,649 - #45 {
INFO  01:20:07,649 - #49 i
INFO  01:20:07,655 - #34 =
INFO  01:20:07,655 - #47 0
INFO  01:20:07,658 - #37 ;
INFO  01:20:07,662 - #49 y
INFO  01:20:07,662 - #34 =
INFO  01:20:07,663 - #47 9
INFO  01:20:07,663 - #37 ;
INFO  01:20:07,663 - #8 do
INFO  01:20:07,663 - #45 {
INFO  01:20:07,664 - #49 i
INFO  01:20:07,664 - #35 ++
INFO  01:20:07,664 - #37 ;
INFO  01:20:07,664 - #8 do
INFO  01:20:07,665 - #45 {
INFO  01:20:07,665 - #49 y
INFO  01:20:07,665 - #35 ++
INFO  01:20:07,665 - #37 ;
INFO  01:20:07,665 - #7 if
INFO  01:20:07,665 - #41 (
INFO  01:20:07,665 - #49 y
INFO  01:20:07,665 - #28 >
INFO  01:20:07,665 - #47 15
INFO  01:20:07,668 - #42 )
INFO  01:20:07,668 - #16 continue
INFO  01:20:07,669 - #37 ;
INFO  01:20:07,669 - #11 print
INFO  01:20:07,673 - #41 (
INFO  01:20:07,673 - #49 y
INFO  01:20:07,673 - #42 )
INFO  01:20:07,673 - #37 ;
INFO  01:20:07,673 - #11 print
INFO  01:20:07,673 - #41 (
INFO  01:20:07,673 - #49 eol
INFO  01:20:07,673 - #42 )
INFO  01:20:07,673 - #37 ;
INFO  01:20:07,673 - #46 }
INFO  01:20:07,673 - #9 while
INFO  01:20:07,675 - #41 (
INFO  01:20:07,675 - #49 y
INFO  01:20:07,679 - #31 <=
INFO  01:20:07,679 - #47 15
INFO  01:20:07,680 - #42 )
INFO  01:20:07,680 - #37 ;
INFO  01:20:07,680 - #7 if
INFO  01:20:07,680 - #41 (
INFO  01:20:07,680 - #49 i
INFO  01:20:07,680 - #26 ==
INFO  01:20:07,680 - #47 1
INFO  01:20:07,681 - #42 )
INFO  01:20:07,682 - #16 continue
INFO  01:20:07,682 - #37 ;
INFO  01:20:07,682 - #7 if
INFO  01:20:07,682 - #41 (
INFO  01:20:07,682 - #49 i
INFO  01:20:07,682 - #26 ==
INFO  01:20:07,682 - #47 4
INFO  01:20:07,682 - #42 )
INFO  01:20:07,682 - #3 break
INFO  01:20:07,682 - #37 ;
INFO  01:20:07,682 - #11 print
INFO  01:20:07,687 - #41 (
INFO  01:20:07,687 - #49 i
INFO  01:20:07,687 - #42 )
INFO  01:20:07,687 - #37 ;
INFO  01:20:07,687 - #11 print
INFO  01:20:07,687 - #41 (
INFO  01:20:07,687 - #49 eol
INFO  01:20:07,687 - #42 )
INFO  01:20:07,687 - #37 ;
INFO  01:20:07,687 - #46 }
INFO  01:20:07,687 - #9 while
INFO  01:20:07,687 - #41 (
INFO  01:20:07,688 - #49 i
INFO  01:20:07,688 - #31 <=
INFO  01:20:07,688 - #47 5
INFO  01:20:07,688 - #42 )
INFO  01:20:07,688 - #37 ;
INFO  01:20:07,688 - #46 }
INFO  01:20:07,688 - #46 }
INFO  01:20:07,694 - Program(
  ProgramName(
   Test
  ) [ProgramName]
  NoList(
  ) [NoList]
  MethodDeclarations(
    NoMethodDecl(
    ) [NoMethodDecl]
    MethDeclNoParams(
      MethodRetVoid(
      ) [MethodRetVoid]
      MethodName(
       main
      ) [MethodName]
      IsListVarDeclWrapper(
        NoListVarDeclWrapper(
        ) [NoListVarDeclWrapper]
        VarDeclWrapperOk(
          Type(
           int
          ) [Type]
          VarDeclarations(
            SingleVarDecl(
              NormalVarDecl(
               i
              ) [NormalVarDecl]
            ) [SingleVarDecl]
            NormalVarDecl(
             y
            ) [NormalVarDecl]
          ) [VarDeclarations]
        ) [VarDeclWrapperOk]
      ) [IsListVarDeclWrapper]
      StatementListExists(
        StatementListExists(
          StatementListExists(
            NoStatementList(
            ) [NoStatementList]
            StatementWithSingleStatement(
              DesignatorSingleStatement(
                DesStmAssign(
                  DesignatorSimple(
                   i
                  ) [DesignatorSimple]
                  AssignWrap(
                    Assignop(
                    ) [Assignop]
                    Expr(
                      SingleTerm(
                        FactorWrapper(
                          NoUnary(
                          ) [NoUnary]
                          Num(
                           0
                          ) [Num]
                        ) [FactorWrapper]
                      ) [SingleTerm]
                      NoMoreExpr(
                      ) [NoMoreExpr]
                    ) [Expr]
                  ) [AssignWrap]
                ) [DesStmAssign]
              ) [DesignatorSingleStatement]
            ) [StatementWithSingleStatement]
          ) [StatementListExists]
          StatementWithSingleStatement(
            DesignatorSingleStatement(
              DesStmAssign(
                DesignatorSimple(
                 y
                ) [DesignatorSimple]
                AssignWrap(
                  Assignop(
                  ) [Assignop]
                  Expr(
                    SingleTerm(
                      FactorWrapper(
                        NoUnary(
                        ) [NoUnary]
                        Num(
                         9
                        ) [Num]
                      ) [FactorWrapper]
                    ) [SingleTerm]
                    NoMoreExpr(
                    ) [NoMoreExpr]
                  ) [Expr]
                ) [AssignWrap]
              ) [DesStmAssign]
            ) [DesignatorSingleStatement]
          ) [StatementWithSingleStatement]
        ) [StatementListExists]
        StatementWithSingleStatement(
          DoWhileSingleStatement(
            DoWhileHelp(
            ) [DoWhileHelp]
            StatementWithStatements(
              Statements(
                StatementListExists(
                  StatementListExists(
                    StatementListExists(
                      StatementListExists(
                        StatementListExists(
                          StatementListExists(
                            NoStatementList(
                            ) [NoStatementList]
                            StatementWithSingleStatement(
                              DesignatorSingleStatement(
                                DesStmInc(
                                  DesignatorSimple(
                                   i
                                  ) [DesignatorSimple]
                                ) [DesStmInc]
                              ) [DesignatorSingleStatement]
                            ) [StatementWithSingleStatement]
                          ) [StatementListExists]
                          StatementWithSingleStatement(
                            DoWhileSingleStatement(
                              DoWhileHelp(
                              ) [DoWhileHelp]
                              StatementWithStatements(
                                Statements(
                                  StatementListExists(
                                    StatementListExists(
                                      StatementListExists(
                                        StatementListExists(
                                          NoStatementList(
                                          ) [NoStatementList]
                                          StatementWithSingleStatement(
                                            DesignatorSingleStatement(
                                              DesStmInc(
                                                DesignatorSimple(
                                                 y
                                                ) [DesignatorSimple]
                                              ) [DesStmInc]
                                            ) [DesignatorSingleStatement]
                                          ) [StatementWithSingleStatement]
                                        ) [StatementListExists]
                                        StatementWithSingleStatement(
                                          IfSingleStatement(
                                            SingleCondition(
                                              SingleCondTerm(
                                                CondFactRelop(
                                                  Expr(
                                                    SingleTerm(
                                                      FactorWrapper(
                                                        NoUnary(
                                                        ) [NoUnary]
                                                        NormalFactor(
                                                          DesignatorSimple(
                                                           y
                                                          ) [DesignatorSimple]
                                                        ) [NormalFactor]
                                                      ) [FactorWrapper]
                                                    ) [SingleTerm]
                                                    NoMoreExpr(
                                                    ) [NoMoreExpr]
                                                  ) [Expr]
                                                  GreaterThan(
                                                  ) [GreaterThan]
                                                  Expr(
                                                    SingleTerm(
                                                      FactorWrapper(
                                                        NoUnary(
                                                        ) [NoUnary]
                                                        Num(
                                                         15
                                                        ) [Num]
                                                      ) [FactorWrapper]
                                                    ) [SingleTerm]
                                                    NoMoreExpr(
                                                    ) [NoMoreExpr]
                                                  ) [Expr]
                                                ) [CondFactRelop]
                                              ) [SingleCondTerm]
                                            ) [SingleCondition]
                                            StatementWithSingleStatement(
                                              ContinueSingleStatement(
                                              ) [ContinueSingleStatement]
                                            ) [StatementWithSingleStatement]
                                          ) [IfSingleStatement]
                                        ) [StatementWithSingleStatement]
                                      ) [StatementListExists]
                                      StatementWithSingleStatement(
                                        PrintSingleStatement(
                                          Expr(
                                            SingleTerm(
                                              FactorWrapper(
                                                NoUnary(
                                                ) [NoUnary]
                                                NormalFactor(
                                                  DesignatorSimple(
                                                   y
                                                  ) [DesignatorSimple]
                                                ) [NormalFactor]
                                              ) [FactorWrapper]
                                            ) [SingleTerm]
                                            NoMoreExpr(
                                            ) [NoMoreExpr]
                                          ) [Expr]
                                        ) [PrintSingleStatement]
                                      ) [StatementWithSingleStatement]
                                    ) [StatementListExists]
                                    StatementWithSingleStatement(
                                      PrintSingleStatement(
                                        Expr(
                                          SingleTerm(
                                            FactorWrapper(
                                              NoUnary(
                                              ) [NoUnary]
                                              NormalFactor(
                                                DesignatorSimple(
                                                 eol
                                                ) [DesignatorSimple]
                                              ) [NormalFactor]
                                            ) [FactorWrapper]
                                          ) [SingleTerm]
                                          NoMoreExpr(
                                          ) [NoMoreExpr]
                                        ) [Expr]
                                      ) [PrintSingleStatement]
                                    ) [StatementWithSingleStatement]
                                  ) [StatementListExists]
                                ) [Statements]
                              ) [StatementWithStatements]
                              CondHelp(
                              ) [CondHelp]
                              SingleCondition(
                                SingleCondTerm(
                                  CondFactRelop(
                                    Expr(
                                      SingleTerm(
                                        FactorWrapper(
                                          NoUnary(
                                          ) [NoUnary]
                                          NormalFactor(
                                            DesignatorSimple(
                                             y
                                            ) [DesignatorSimple]
                                          ) [NormalFactor]
                                        ) [FactorWrapper]
                                      ) [SingleTerm]
                                      NoMoreExpr(
                                      ) [NoMoreExpr]
                                    ) [Expr]
                                    LessOrEqual(
                                    ) [LessOrEqual]
                                    Expr(
                                      SingleTerm(
                                        FactorWrapper(
                                          NoUnary(
                                          ) [NoUnary]
                                          Num(
                                           15
                                          ) [Num]
                                        ) [FactorWrapper]
                                      ) [SingleTerm]
                                      NoMoreExpr(
                                      ) [NoMoreExpr]
                                    ) [Expr]
                                  ) [CondFactRelop]
                                ) [SingleCondTerm]
                              ) [SingleCondition]
                            ) [DoWhileSingleStatement]
                          ) [StatementWithSingleStatement]
                        ) [StatementListExists]
                        StatementWithSingleStatement(
                          IfSingleStatement(
                            SingleCondition(
                              SingleCondTerm(
                                CondFactRelop(
                                  Expr(
                                    SingleTerm(
                                      FactorWrapper(
                                        NoUnary(
                                        ) [NoUnary]
                                        NormalFactor(
                                          DesignatorSimple(
                                           i
                                          ) [DesignatorSimple]
                                        ) [NormalFactor]
                                      ) [FactorWrapper]
                                    ) [SingleTerm]
                                    NoMoreExpr(
                                    ) [NoMoreExpr]
                                  ) [Expr]
                                  Equals(
                                  ) [Equals]
                                  Expr(
                                    SingleTerm(
                                      FactorWrapper(
                                        NoUnary(
                                        ) [NoUnary]
                                        Num(
                                         1
                                        ) [Num]
                                      ) [FactorWrapper]
                                    ) [SingleTerm]
                                    NoMoreExpr(
                                    ) [NoMoreExpr]
                                  ) [Expr]
                                ) [CondFactRelop]
                              ) [SingleCondTerm]
                            ) [SingleCondition]
                            StatementWithSingleStatement(
                              ContinueSingleStatement(
                              ) [ContinueSingleStatement]
                            ) [StatementWithSingleStatement]
                          ) [IfSingleStatement]
                        ) [StatementWithSingleStatement]
                      ) [StatementListExists]
                      StatementWithSingleStatement(
                        IfSingleStatement(
                          SingleCondition(
                            SingleCondTerm(
                              CondFactRelop(
                                Expr(
                                  SingleTerm(
                                    FactorWrapper(
                                      NoUnary(
                                      ) [NoUnary]
                                      NormalFactor(
                                        DesignatorSimple(
                                         i
                                        ) [DesignatorSimple]
                                      ) [NormalFactor]
                                    ) [FactorWrapper]
                                  ) [SingleTerm]
                                  NoMoreExpr(
                                  ) [NoMoreExpr]
                                ) [Expr]
                                Equals(
                                ) [Equals]
                                Expr(
                                  SingleTerm(
                                    FactorWrapper(
                                      NoUnary(
                                      ) [NoUnary]
                                      Num(
                                       4
                                      ) [Num]
                                    ) [FactorWrapper]
                                  ) [SingleTerm]
                                  NoMoreExpr(
                                  ) [NoMoreExpr]
                                ) [Expr]
                              ) [CondFactRelop]
                            ) [SingleCondTerm]
                          ) [SingleCondition]
                          StatementWithSingleStatement(
                            BreakSingleStatement(
                            ) [BreakSingleStatement]
                          ) [StatementWithSingleStatement]
                        ) [IfSingleStatement]
                      ) [StatementWithSingleStatement]
                    ) [StatementListExists]
                    StatementWithSingleStatement(
                      PrintSingleStatement(
                        Expr(
                          SingleTerm(
                            FactorWrapper(
                              NoUnary(
                              ) [NoUnary]
                              NormalFactor(
                                DesignatorSimple(
                                 i
                                ) [DesignatorSimple]
                              ) [NormalFactor]
                            ) [FactorWrapper]
                          ) [SingleTerm]
                          NoMoreExpr(
                          ) [NoMoreExpr]
                        ) [Expr]
                      ) [PrintSingleStatement]
                    ) [StatementWithSingleStatement]
                  ) [StatementListExists]
                  StatementWithSingleStatement(
                    PrintSingleStatement(
                      Expr(
                        SingleTerm(
                          FactorWrapper(
                            NoUnary(
                            ) [NoUnary]
                            NormalFactor(
                              DesignatorSimple(
                               eol
                              ) [DesignatorSimple]
                            ) [NormalFactor]
                          ) [FactorWrapper]
                        ) [SingleTerm]
                        NoMoreExpr(
                        ) [NoMoreExpr]
                      ) [Expr]
                    ) [PrintSingleStatement]
                  ) [StatementWithSingleStatement]
                ) [StatementListExists]
              ) [Statements]
            ) [StatementWithStatements]
            CondHelp(
            ) [CondHelp]
            SingleCondition(
              SingleCondTerm(
                CondFactRelop(
                  Expr(
                    SingleTerm(
                      FactorWrapper(
                        NoUnary(
                        ) [NoUnary]
                        NormalFactor(
                          DesignatorSimple(
                           i
                          ) [DesignatorSimple]
                        ) [NormalFactor]
                      ) [FactorWrapper]
                    ) [SingleTerm]
                    NoMoreExpr(
                    ) [NoMoreExpr]
                  ) [Expr]
                  LessOrEqual(
                  ) [LessOrEqual]
                  Expr(
                    SingleTerm(
                      FactorWrapper(
                        NoUnary(
                        ) [NoUnary]
                        Num(
                         5
                        ) [Num]
                      ) [FactorWrapper]
                    ) [SingleTerm]
                    NoMoreExpr(
                    ) [NoMoreExpr]
                  ) [Expr]
                ) [CondFactRelop]
              ) [SingleCondTerm]
            ) [SingleCondition]
          ) [DoWhileSingleStatement]
        ) [StatementWithSingleStatement]
      ) [StatementListExists]
    ) [MethDeclNoParams]
  ) [MethodDeclarations]
) [Program]
INFO  01:20:07,695 - ===================================
INFO  01:20:07,713 - Access to local variable 'i' detected. Var: Int, 0, 1 in line 5.
INFO  01:20:07,714 - Access to local variable 'y' detected. Var: Int, 1, 1 in line 6.
INFO  01:20:07,714 - Access to local variable 'i' detected. Var: Int, 0, 1 in line 8.
INFO  01:20:07,714 - Access to local variable 'y' detected. Var: Int, 1, 1 in line 11.
INFO  01:20:07,714 - Access to local variable 'y' detected. Var: Int, 1, 1 in line 12.
INFO  01:20:07,714 - Access to local variable 'y' detected. Var: Int, 1, 1 in line 13.
INFO  01:20:07,714 - Access to local variable 'y' detected. Var: Int, 1, 1 in line 14.
INFO  01:20:07,714 - Access to local variable 'i' detected. Var: Int, 0, 1 in line 16.
INFO  01:20:07,715 - Access to local variable 'i' detected. Var: Int, 0, 1 in line 17.
INFO  01:20:07,715 - Access to local variable 'i' detected. Var: Int, 0, 1 in line 18.
INFO  01:20:07,715 - Access to local variable 'i' detected. Var: Int, 0, 1 in line 19.
INFO  01:20:07,715 - ===================================
INFO  01:20:07,716 - Generating bytecode file: C:\Users\Test\Desktop\PP1\workspace\MJCompiler\test\program.obj
INFO  01:20:07,724 - Parsiranje uspesno zavrseno!
